Wreck	sharedassets1.assets	107564L	Wreck.dds
MI24Normal	sharedassets1.assets	2075088L	MI24Normal.dds
MI24	sharedassets0.assets	834632L	MI24.dds
cracks	sharedassets0.assets	1533764L	cracks.dds
HumveeBody	sharedassets0.assets	7126240L	HumveeBody.dds
HumveeGlass	sharedassets0.assets	7183928L	HumveeGlass.dds
Barrel	sharedassets0.assets	7888604L	Barrel.dds
sand	sharedassets0.assets	11373992L	sand.dds
HumveeTire	sharedassets0.assets	15568368L	HumveeTire.dds
AbramsM1A1	sharedassets0.assets	16773512L	AbramsM1A1.dds
BunkerHead	resources.assets	2530480L	BunkerHead.dds
Soldier	resources.assets	2541484L	Soldier.dds
Building04Roof	resources.assets	2706844L	Building04Roof.dds
Missile	resources.assets	4616204L	Missile.dds
SamSiteHead	resources.assets	4709896L	SamSiteHead.dds
newsvip	resources.assets	5366620L	newsvip.dds
HomingMissile	resources.assets	9225572L	HomingMissile.dds
SamSiteBody	resources.assets	11270320L	SamSiteBody.dds
Building04Walls	resources.assets	11479924L	Building04Walls.dds
head2	resources.assets	11707652L	head2.dds
ak47_skin	resources.assets	12074216L	ak47_skin.dds
BunkerBody	resources.assets	12890256L	BunkerBody.dds
M4	resources.assets	13335176L	M4.dds
GuardHouse	sharedassets0.assets	7137248L	GuardHouse.dds
TentTop	sharedassets0.assets	7181092L	TentTop.dds
FuelTank	sharedassets0.assets	7891420L	FuelTank.dds
TentFront	sharedassets0.assets	7913360L	TentFront.dds
Helipad	sharedassets0.assets	8618036L	Helipad.dds
HangarRoof	sharedassets0.assets	8749184L	HangarRoof.dds
SandBagWall	sharedassets0.assets	9098800L	SandBagWall.dds
HangarWall	sharedassets0.assets	10499880L	HangarWall.dds
HangarRoofNormal	sharedassets0.assets	10674836L	HangarRoofNormal.dds
Container	sharedassets0.assets	15579376L	Container.dds
HangarDoor	sharedassets0.assets	16322480L	HangarDoor.dds
BarbWire	sharedassets0.assets	16409948L	BarbWire.dds
TentSide	sharedassets0.assets	16759604L	TentSide.dds
Wall	sharedassets0.assets	16762432L	Wall.dds
Fireball	resources.assets	202732L	Fireball.dds
level11	resources.assets	901892L	level11.dds
AbramsM1A1Normal	resources.assets	957188L	AbramsM1A1Normal.dds
Crosshairs	resources.assets	2355392L	Crosshairs.dds
miniLogo_Sprite	resources.assets	2421004L	miniLogo_Sprite.dds
overlay	resources.assets	2486612L	overlay.dds
level4	resources.assets	2552492L	level4.dds
level3	resources.assets	2607780L	level3.dds
Glow	resources.assets	2663064L	Glow.dds
startGame	resources.assets	2881696L	startGame.dds
levelSelectPressed	resources.assets	2931776L	levelSelectPressed.dds
Smoke	resources.assets	3018244L	Smoke.dds
BloodSplat	resources.assets	3717408L	BloodSplat.dds
back	resources.assets	4067024L	back.dds
level2	resources.assets	4153492L	level2.dds
retry	resources.assets	4208780L	retry.dds
rad	resources.assets	4258848L	rad.dds
levelSelect	resources.assets	4261664L	levelSelect.dds
failed	resources.assets	4348132L	failed.dds
HomingMissileActive	resources.assets	4638152L	HomingMissileActive.dds
level10	resources.assets	4654604L	level10.dds
level12	resources.assets	4720900L	level12.dds
levelButton	resources.assets	4776192L	levelButton.dds
iosButton	resources.assets	4798136L	iosButton.dds
Background	resources.assets	4873208L	Background.dds
RadarLayer01	resources.assets	4895176L	RadarLayer01.dds
level1	resources.assets	5244796L	level1.dds
mainMenu_hover	resources.assets	5300092L	mainMenu_hover.dds
BulletActive	resources.assets	5350168L	BulletActive.dds
BulletInactive	resources.assets	5377636L	BulletInactive.dds
level5	resources.assets	5394092L	level5.dds
Fireball	resources.assets	5449380L	Fireball_1.dds
Crosshairs	resources.assets	6148544L	Crosshairs_1.dds
Font Texture	resources.assets	6236024L	Font Texture.dds
Heatwave	resources.assets	6236092L	Heatwave.dds
survivalMode_hover	resources.assets	6323584L	survivalMode_hover.dds
continue	resources.assets	6373652L	continue.dds
fairydust	resources.assets	6423728L	fairydust.dds
ChromeLogo	resources.assets	6429288L	ChromeLogo.dds
androidButton_pressed	resources.assets	9247524L	androidButton_pressed.dds
locked	resources.assets	9322596L	locked.dds
level9	resources.assets	9409068L	level9.dds
Mark	resources.assets	9464352L	Mark.dds
miniLogo_01	resources.assets	9469912L	miniLogo_01.dds
RadarLayer02	resources.assets	9491856L	RadarLayer02.dds
levelSelectTitle	resources.assets	9841484L	levelSelectTitle.dds
fire4	resources.assets	10109556L	fire4.dds
androidButton	resources.assets	10120572L	androidButton.dds
appleButton_pressed	resources.assets	10195656L	appleButton_pressed.dds
level7	resources.assets	10270724L	level7.dds
MissileActive	resources.assets	10326020L	MissileActive.dds
restart	resources.assets	10342476L	restart.dds
Cobra	resources.assets	10392548L	Cobra.dds
add_hover	resources.assets	10414496L	add_hover.dds
Crosshairs	resources.assets	10464568L	Crosshairs_2.dds
Mark	resources.assets	10508336L	Mark_1.dds
back_hover	resources.assets	10513896L	back_hover.dds
Plate	resources.assets	10600364L	Plate.dds
CobraStrikerTitle	resources.assets	10775248L	CobraStrikerTitle.dds
Radar	resources.assets	10920692L	Radar.dds
Shockwave	resources.assets	11314096L	Shockwave.dds
level8	resources.assets	11325100L	level8.dds
CoinBtn	resources.assets	11380388L	CoinBtn.dds
restart_hover	resources.assets	11402340L	restart_hover.dds
miniLogo	resources.assets	11452412L	miniLogo.dds
Objective	resources.assets	11474360L	Objective.dds
add	resources.assets	11654768L	add.dds
GlowDot	resources.assets	11704836L	GlowDot.dds
flameD	resources.assets	11718660L	flameD.dds
complete	resources.assets	11806140L	complete.dds
level6	resources.assets	12079764L	level6.dds
Radar	resources.assets	12135052L	Radar_1.dds
continue_hover	resources.assets	12484684L	continue_hover.dds
moreGames	resources.assets	12534760L	moreGames.dds
spark	resources.assets	12817404L	spark.dds
startGame_hover	resources.assets	12818204L	startGame_hover.dds
retry_hover	resources.assets	12840184L	retry_hover.dds
total	resources.assets	12934028L	total.dds
mainMenu	resources.assets	13202100L	mainMenu.dds
HomingMissileInactive	resources.assets	13252188L	HomingMissileInactive.dds
MissileInactive	resources.assets	13268652L	MissileInactive.dds
survivalMode	resources.assets	13285112L	survivalMode.dds
HealthBarLayer02	resources.assets	13338012L	HealthBarLayer02.dds
HealthBarLayer01	resources.assets	13343740L	HealthBarLayer01.dds
right	sharedassets0.assets	135500L	right.dds
Font Texture	sharedassets0.assets	7181024L	Font Texture_1.dds
left	sharedassets0.assets	7189472L	left.dds
back	sharedassets0.assets	7918904L	back_1.dds
down	sharedassets0.assets	9101608L	down.dds
front	sharedassets0.assets	9800740L	front.dds
miniLogo	sharedassets0.assets	10587348L	miniLogo_1.dds
up	sharedassets0.assets	15601304L	up.dds
Font Texture	sharedassets0.assets	16300440L	Font Texture_2.dds
Background	sharedassets0.assets	16300512L	Background_1.dds
Font Texture	sharedassets0.assets	16773440L	Font Texture_3.dds
Font Texture	sharedassets0.assets	16948360L	Font Texture_4.dds
